[2025-01-19T06:29:09.388Z] User already exists
[2025-01-19T06:30:21.421Z] User already exists
[2025-01-19T06:31:12.583Z] ReferenceError: famlyName is not defined
    at registerUser (D:\grocery\grocery-server\src\controllers\authController.js:9:63)
    at D:\grocery\grocery-server\src\middleware\asyncHandler.js:2:21
    at Layer.handle [as handle_request] (D:\grocery\grocery-server\node_modules\express\lib\router\layer.js:95:5)
    at next (D:\grocery\grocery-server\node_modules\express\lib\router\route.js:149:13)
    at Route.dispatch (D:\grocery\grocery-server\node_modules\express\lib\router\route.js:119:3)
    at Layer.handle [as handle_request] (D:\grocery\grocery-server\node_modules\express\lib\router\layer.js:95:5)
    at D:\grocery\grocery-server\node_modules\express\lib\router\index.js:284:15
    at Function.process_params (D:\grocery\grocery-server\node_modules\express\lib\router\index.js:346:12)
    at next (D:\grocery\grocery-server\node_modules\express\lib\router\index.js:280:10)
    at Function.handle (D:\grocery\grocery-server\node_modules\express\lib\router\index.js:175:3)
[2025-01-19T06:36:59.833Z] ReferenceError: loginCredentials is not defined
    at loginUser (D:\grocery\grocery-server\src\controllers\authController.js:50:31)
    at D:\grocery\grocery-server\src\middleware\asyncHandler.js:2:21
    at Layer.handle [as handle_request] (D:\grocery\grocery-server\node_modules\express\lib\router\layer.js:95:5)
    at next (D:\grocery\grocery-server\node_modules\express\lib\router\route.js:149:13)
    at Route.dispatch (D:\grocery\grocery-server\node_modules\express\lib\router\route.js:119:3)
    at Layer.handle [as handle_request] (D:\grocery\grocery-server\node_modules\express\lib\router\layer.js:95:5)
    at D:\grocery\grocery-server\node_modules\express\lib\router\index.js:284:15
    at Function.process_params (D:\grocery\grocery-server\node_modules\express\lib\router\index.js:346:12)
    at next (D:\grocery\grocery-server\node_modules\express\lib\router\index.js:280:10)
    at Function.handle (D:\grocery\grocery-server\node_modules\express\lib\router\index.js:175:3)
[2025-01-19T06:37:49.949Z] ReferenceError: jwt is not defined
    at loginUser (D:\grocery\grocery-server\src\controllers\authController.js:81:19)
